[01:53:59] [ServerMain/INFO]: [bootstrap] Running Java 21 (OpenJDK 64-Bit Server VM 21.0.5+11-Ubuntu-1ubuntu120.04; Ubuntu null) on Linux 6.5.0-1025-azure (amd64)
[01:53:59] [ServerMain/INFO]: [bootstrap] Loading Paper 1.21-130-master@b1b5d4c (2024-08-10T10:02:42Z) for Minecraft 1.21
[01:54:00] [ServerMain/INFO]: [PluginInitializerManager] Initializing plugins...
[01:54:04] [ServerMain/INFO]: [PluginInitializerManager] Initialized 2 plugins
[01:54:04] [ServerMain/INFO]: [PluginInitializerManager] Bukkit plugins (2):
 - SkinsRestorer (15.4.4), ViaVersion (5.1.1)
[01:54:14] [ServerMain/INFO]: Environment: Environment[sessionHost=https://sessionserver.mojang.com, servicesHost=https://api.minecraftservices.com, name=PROD]
[01:54:20] [ServerMain/INFO]: Loaded 1290 recipes
[01:54:21] [ServerMain/INFO]: Loaded 1399 advancements
[01:54:22] [Server thread/INFO]: Starting minecraft server version 1.21
[01:54:22] [Server thread/INFO]: Loading properties
[01:54:22] [Server thread/INFO]: This server is running Paper version 1.21-130-master@b1b5d4c (2024-08-10T10:02:42Z) (Implementing API version 1.21-R0.1-SNAPSHOT)
[01:54:23] [Server thread/INFO]: [spark] This server bundles the spark profiler. For more information please visit https://docs.papermc.io/paper/profiling
[01:54:23] [Server thread/INFO]: Server Ping Player Sample Count: 12
[01:54:23] [Server thread/INFO]: Using 4 threads for Netty based IO
[01:54:25] [Server thread/INFO]: [ChunkTaskScheduler] Chunk system is using 1 I/O threads, 1 worker threads, and population gen parallelism of 1 threads
[01:54:27] [Server thread/INFO]: Default game type: SURVIVAL
[01:54:27] [Server thread/INFO]: Generating keypair
[01:54:27] [Server thread/INFO]: Starting Minecraft server on *:25565
[01:54:27] [Server thread/INFO]: Using epoll channel type
[01:54:27] [Server thread/INFO]: Paper: Using libdeflate (Linux x86_64) compression from Velocity.
[01:54:27] [Server thread/INFO]: Paper: Using OpenSSL 1.1.x (Linux x86_64) cipher from Velocity.
[01:54:31] [Server thread/INFO]: [ViaVersion] Loading server plugin ViaVersion v5.1.1
[01:54:31] [Server thread/INFO]: [ViaVersion] ViaVersion 5.1.1 is now loaded. Registering protocol transformers and injecting...
[01:54:35] [Via-Mappingloader-0/INFO]: [ViaVersion] Loading block connection mappings ...
[01:54:36] [Via-Mappingloader-0/INFO]: [ViaVersion] Using FastUtil Long2ObjectOpenHashMap for block connections
[01:54:38] [Server thread/INFO]: [SkinsRestorer] Loading server plugin SkinsRestorer v15.4.4
[01:54:38] [Server thread/INFO]: Server permissions file permissions.yml is empty, ignoring it
[01:54:38] [Server thread/INFO]: [SkinsRestorer] Enabling SkinsRestorer v15.4.4
[01:54:41] [Server thread/WARN]: [SkinsRestorer] You must agree to the rules at 'commands.perSkinPermissionsConsent' in the config to use per skin permissions.
[01:54:43] [Server thread/INFO]: [SkinsRestorer] Running on Minecraft 1.21.0.
[01:54:46] [Server thread/INFO]: [SkinsRestorer] Using paper join listener!
[01:54:46] [Server thread/WARN]: **** SERVER IS RUNNING IN OFFLINE/INSECURE MODE!
[01:54:46] [Server thread/WARN]: The server will make no attempt to authenticate usernames. Beware.
[01:54:46] [Server thread/WARN]: While this makes the game possible to play without internet access, it also opens up the ability for hackers to connect with any username they choose.
[01:54:46] [Server thread/WARN]: To change this, set "online-mode" to "true" in the server.properties file.
[01:54:46] [Server thread/INFO]: Preparing level "world"
[01:54:47] [Folia Async Scheduler Thread #1/INFO]: [SkinsRestorer] ----------------------------------------------
[01:54:47] [Folia Async Scheduler Thread #1/INFO]: [SkinsRestorer]     +==================+
[01:54:47] [Folia Async Scheduler Thread #1/INFO]: [SkinsRestorer]     |   SkinsRestorer  |
[01:54:47] [Folia Async Scheduler Thread #1/INFO]: [SkinsRestorer]     |------------------|
[01:54:47] [Folia Async Scheduler Thread #1/INFO]: [SkinsRestorer]     |  Standalone Mode |
[01:54:47] [Folia Async Scheduler Thread #1/INFO]: [SkinsRestorer]     +==================+
[01:54:47] [Folia Async Scheduler Thread #1/INFO]: [SkinsRestorer] ----------------------------------------------
[01:54:47] [Folia Async Scheduler Thread #1/INFO]: [SkinsRestorer]     Version: 15.4.4
[01:54:47] [Folia Async Scheduler Thread #1/INFO]: [SkinsRestorer]     Commit: dc501c7
[01:54:47] [Folia Async Scheduler Thread #1/INFO]: [SkinsRestorer]     This is the latest version!
[01:54:47] [Folia Async Scheduler Thread #1/INFO]: [SkinsRestorer] ----------------------------------------------
[01:54:47] [Folia Async Scheduler Thread #1/INFO]: [SkinsRestorer] Do you have issues? Read our troubleshooting guide: https://skinsrestorer.net/docs/troubleshooting
[01:54:47] [Folia Async Scheduler Thread #1/INFO]: [SkinsRestorer] Want to support SkinsRestorer? Consider donating: https://skinsrestorer.net/donate
[01:54:49] [Server thread/INFO]: Preparing start region for dimension minecraft:overworld
[01:54:53] [Server thread/INFO]: Time elapsed: 4473 ms
[01:54:53] [Server thread/INFO]: Preparing start region for dimension minecraft:the_nether
[01:54:54] [Server thread/INFO]: Time elapsed: 752 ms
[01:54:54] [Server thread/INFO]: Preparing start region for dimension minecraft:the_end
[01:54:55] [Server thread/INFO]: Time elapsed: 502 ms
[01:54:55] [Server thread/INFO]: [ViaVersion] Enabling ViaVersion v5.1.1
[01:54:55] [Server thread/INFO]: [ViaVersion] ViaVersion detected server version: 1.21-1.21.1 (767)
[01:54:55] [Server thread/INFO]: [spark] Starting background profiler...
[01:54:59] [Server thread/INFO]: Done preparing level "world" (12.867s)
[01:54:59] [Server thread/INFO]: Running delayed init tasks
[01:54:59] [Server thread/INFO]: Done (64.953s)! For help, type "help"
[01:54:59] [Server thread/INFO]: Timings Reset
[01:54:59] [Craft Scheduler Thread - 5 - ViaVersion/INFO]: [ViaVersion] Finished mapping loading, shutting down loader executor.
[01:55:01] [User Authenticator #0/INFO]: UUID of player ZodiicaL is 1d3cf9eb-e0fe-3244-a6a6-19943f4a1af5
[01:55:04] [Server thread/INFO]: ZodiicaL joined the game
[01:55:05] [Server thread/INFO]: ZodiicaL[/127.52.236.151:37859] logged in with entity id 14 at ([world]202.69999998807907, 67.5625, 13.699999988079071)
[01:55:07] [Server thread/WARN]: Can't keep up! Is the server overloaded? Running 3433ms or 68 ticks behind
[01:57:14] [Server thread/INFO]: ZodiicaL has made the advancement [Ice Bucket Challenge]
[01:57:27] [Server thread/INFO]: [Not Secure] * Server sexo?
[01:57:34] [Async Chat Thread - #1/INFO]: [Not Secure] <ZodiicaL> sexito
[01:57:40] [Server thread/INFO]: ZodiicaL issued server command: /me coito
[01:57:40] [Async Chat Thread - #1/INFO]: [Not Secure] * ZodiicaL coito
[02:52:55] [Async Chat Thread - #2/INFO]: [Not Secure] <ZodiicaL> -106 -157
[02:53:44] [Server thread/INFO]: [Not Secure] * Server -106 -157
[03:00:37] [User Authenticator #1/INFO]: UUID of player Igmacoi_Ev is d44781fe-a958-3787-9bd2-fd9e3ea210bc
[03:00:38] [Server thread/INFO]: Igmacoi_Ev joined the game
[03:00:38] [Server thread/INFO]: Igmacoi_Ev[/127.27.155.115:54301] logged in with entity id 9992 at ([world]144.62832810121412, 64.0, 10.52788035153303)
[03:05:08] [User Authenticator #2/INFO]: UUID of player inqctivoh is 337c3d22-d36a-3aba-ae4d-5d219d16195d
[03:05:10] [Server thread/INFO]: inqctivoh joined the game
[03:05:10] [Server thread/INFO]: inqctivoh[/127.78.193.207:54269] logged in with entity id 11452 at ([world]201.69999998807907, -19.0, 162.2083797567173)
[03:07:32] [Server thread/INFO]: Igmacoi_Ev has made the advancement [Cover Me with Diamonds]
[03:09:04] [Server thread/INFO]: inqctivoh lost connection: Disconnected
[03:09:04] [Server thread/INFO]: inqctivoh left the game
[03:11:16] [Async Chat Thread - #4/INFO]: [Not Secure] <Igmacoi_Ev> 590 80
[03:13:40] [Server thread/WARN]: ZodiicaL moved wrongly!
[03:16:28] [Server thread/INFO]: Igmacoi_Ev has made the advancement [The Parrots and the Bats]
[03:19:25] [User Authenticator #3/INFO]: UUID of player inqctivoh is 337c3d22-d36a-3aba-ae4d-5d219d16195d
[03:19:26] [Server thread/INFO]: inqctivoh joined the game
[03:19:26] [Server thread/INFO]: inqctivoh[/127.78.193.207:36265] logged in with entity id 14452 at ([world]209.84135063948276, 16.0, 147.45173252270982)
[03:23:40] [Server thread/INFO]: inqctivoh lost connection: Disconnected
[03:23:40] [Server thread/INFO]: inqctivoh left the game
[03:24:01] [User Authenticator #4/INFO]: UUID of player inqctivoh is 337c3d22-d36a-3aba-ae4d-5d219d16195d
[03:24:03] [Server thread/INFO]: inqctivoh joined the game
[03:24:03] [Server thread/INFO]: inqctivoh[/127.78.193.207:42661] logged in with entity id 15163 at ([world]204.64772504629008, 99.0, 189.359746417548)
[03:37:04] [Server thread/INFO]: Igmacoi_Ev lost connection: Disconnected
[03:37:04] [Server thread/INFO]: Igmacoi_Ev left the game
[03:39:30] [Server thread/INFO]: inqctivoh lost connection: Disconnected
[03:39:30] [Server thread/INFO]: inqctivoh left the game
[03:39:47] [User Authenticator #5/INFO]: UUID of player inqctivoh is 337c3d22-d36a-3aba-ae4d-5d219d16195d
[03:39:49] [Server thread/INFO]: inqctivoh joined the game
[03:39:49] [Server thread/INFO]: inqctivoh[/127.78.193.207:46173] logged in with entity id 18153 at ([world]505.45029130592275, 104.0, -208.44273769687783)
[03:44:34] [Server thread/INFO]: inqctivoh lost connection: Disconnected
[03:44:34] [Server thread/INFO]: inqctivoh left the game
[03:46:13] [User Authenticator #6/INFO]: UUID of player inqctivoh is 337c3d22-d36a-3aba-ae4d-5d219d16195d
[03:46:14] [Server thread/INFO]: inqctivoh joined the game
[03:46:14] [Server thread/INFO]: inqctivoh[/127.78.193.207:60391] logged in with entity id 21168 at ([world]776.3051195768172, 67.0, -79.59885706945299)
[03:48:07] [Server thread/INFO]: inqctivoh has made the advancement [Ice Bucket Challenge]
[03:53:41] [User Authenticator #7/INFO]: UUID of player Igmacoi_Ev is d44781fe-a958-3787-9bd2-fd9e3ea210bc
[03:53:43] [Server thread/INFO]: Igmacoi_Ev joined the game
[03:53:43] [Server thread/INFO]: Igmacoi_Ev[/127.27.155.115:47459] logged in with entity id 24796 at ([world]144.51266862130953, 64.0, 11.153131566509119)
[03:59:56] [Server thread/WARN]: ZodiicaL moved wrongly!
[04:00:32] [Server thread/INFO]: Igmacoi_Ev has made the advancement [Hot Stuff]
[04:02:07] [Server thread/INFO]: inqctivoh lost connection: Disconnected
[04:02:07] [Server thread/INFO]: inqctivoh left the game
[04:03:16] [Server thread/INFO]: Igmacoi_Ev lost connection: Timed out
[04:03:16] [Server thread/INFO]: Igmacoi_Ev left the game
[04:04:34] [User Authenticator #8/INFO]: UUID of player Igmacoi_Ev is d44781fe-a958-3787-9bd2-fd9e3ea210bc
[04:04:36] [Server thread/INFO]: Igmacoi_Ev joined the game
[04:04:36] [Server thread/INFO]: Igmacoi_Ev[/127.27.155.115:36975] logged in with entity id 27347 at ([world]185.93958665597134, 63.0, 18.746236858972114)
[04:17:07] [Server thread/INFO]: Igmacoi_Ev lost connection: Disconnected
[04:17:07] [Server thread/INFO]: Igmacoi_Ev left the game
[04:17:15] [User Authenticator #9/INFO]: UUID of player Igmacoi_Ev is d44781fe-a958-3787-9bd2-fd9e3ea210bc
[04:17:17] [Server thread/INFO]: Igmacoi_Ev joined the game
[04:17:17] [Server thread/INFO]: Igmacoi_Ev[/127.27.155.115:57567] logged in with entity id 28893 at ([world]309.85000393822133, 144.0, -75.32963448436175)
[04:17:59] [User Authenticator #9/INFO]: UUID of player inqctivoh is 337c3d22-d36a-3aba-ae4d-5d219d16195d
[04:18:01] [Server thread/INFO]: inqctivoh joined the game
[04:18:01] [Server thread/INFO]: inqctivoh[/127.78.193.207:58247] logged in with entity id 28977 at ([world]212.05924877270846, 67.0, -12.949635764600735)
[04:18:08] [Server thread/INFO]: inqctivoh lost connection: Disconnected
[04:18:08] [Server thread/INFO]: inqctivoh left the game
[04:19:15] [User Authenticator #10/INFO]: UUID of player inqctivoh is 337c3d22-d36a-3aba-ae4d-5d219d16195d
[04:19:16] [Server thread/INFO]: inqctivoh joined the game
[04:19:16] [Server thread/INFO]: inqctivoh[/127.78.193.207:33465] logged in with entity id 29121 at ([world]211.65442565199552, 67.0, -12.065567219293198)
[04:24:57] [Server thread/INFO]: inqctivoh was shot by Skeleton
[04:25:03] [Async Chat Thread - #6/INFO]: [Not Secure] <inqctivoh> xed
[04:25:36] [Server thread/INFO]: inqctivoh was slain by Enderman
[04:31:38] [Server thread/INFO]: Villager Villager['Villager'/35842, uuid='b15506ba-4b47-4937-8da8-e635e0fc1749', l='ServerLevel[world]', x=141.72, y=67.50, z=-888.37, cpos=[8, -56], tl=191, v=true] died, message: 'Villager suffocated in a wall'
[04:31:38] [Server thread/INFO]: Villager Villager['Villager'/35918, uuid='7df9f356-fa22-47d5-958f-4aae30cc194a', l='ServerLevel[world]', x=144.63, y=68.00, z=-868.72, cpos=[9, -55], tl=191, v=true] died, message: 'Villager suffocated in a wall'
[04:34:53] [Async Chat Thread - #8/INFO]: [Not Secure] <inqctivoh> zzzz?
[04:34:59] [Async Chat Thread - #8/INFO]: [Not Secure] <Igmacoi_Ev> ya
[04:35:18] [Async Chat Thread - #8/INFO]: [Not Secure] <inqctivoh> estan los 2 zz?
[04:35:24] [Async Chat Thread - #9/INFO]: [Not Secure] <ZodiicaL> sdi
[04:35:28] [Server thread/INFO]: inqctivoh lost connection: Disconnected
[04:35:28] [Server thread/INFO]: inqctivoh left the game
[04:35:35] [User Authenticator #11/INFO]: UUID of player inqctivoh is 337c3d22-d36a-3aba-ae4d-5d219d16195d
[04:35:36] [Server thread/INFO]: inqctivoh joined the game
[04:35:36] [Server thread/INFO]: inqctivoh[/127.78.193.207:40641] logged in with entity id 38676 at ([world]88.68967265429998, 67.0, -500.10340800034055)
[04:36:08] [Async Chat Thread - #8/INFO]: [Not Secure] <inqctivoh> hay aldeas abandonadas :v
